<?xml version="1.0" encoding="UTF-8" ?>
<testsuite tests="7" failures="0" name="gocamping.AppTest" time="3.02" errors="0" skipped="0">
  <properties>
[...]
</properties>
  <testcase classname="gocamping.AppTest" name="testAddItemExectQuantityOfBagCapacity" time="0.01"/>
  <testcase classname="gocamping.AppTest" name="testAddItemMoreQuantityOfBagCapacityLeft" time="0"/>
  <testcase classname="gocamping.AppTest" name="testExpectedItemNotListed" time="1.507"/>
  <testcase classname="gocamping.AppTest" name="testAddItemSmallerThanBagCapacity" time="0.001"/>
  <testcase classname="gocamping.AppTest" name="testAddItemBiggerThanBagCapacity" time="0"/>
  <testcase classname="gocamping.AppTest" name="testApp" time="0"/>
  <testcase classname="gocamping.AppTest" name="testExpectedItemListed" time="1.502"/>
</testsuite>